<?xml version="1.0" encoding="UTF-8"?>
<!-- Generated by org.testng.reporters.JUnitReportReporter -->
<testsuite hostname="DESKTOP-K9RG9Q4" failures="0" tests="2" name="com.mystore.testcases.HomePageTest" time="25.135" errors="0" timestamp="2022-04-28T09:42:02 IST" skipped="0">
  <testcase classname="com.mystore.testcases.HomePageTest" name="orderHistoryandDetailsTest" time="11.400"/>
  <system-out/>
  <testcase classname="com.mystore.testcases.HomePageTest" name="wishListTest" time="13.735"/>
  <system-out/>
</testsuite> <!-- com.mystore.testcases.HomePageTest -->
