<?xml version="1.0" encoding="UTF-8"?>
<!-- Generated by org.testng.reporters.JUnitReportReporter -->
<testsuite hostname="DESKTOP-K9RG9Q4" failures="0" tests="1" name="com.mystore.testcases.LoginPageTest" time="34.529" errors="0" timestamp="2022-04-28T09:42:02 IST" skipped="0">
  <testcase classname="com.mystore.testcases.LoginPageTest" name="loginTest" time="34.529"/>
  <system-out/>
</testsuite> <!-- com.mystore.testcases.LoginPageTest -->
