<?xml version="1.0" encoding="UTF-8"?>
<!-- Generated by org.testng.reporters.JUnitReportReporter -->
<testsuite hostname="DESKTOP-K9RG9Q4" failures="0" tests="1" name="com.mystore.testcases.SearchResultPageTest" time="8.450" errors="0" timestamp="2022-04-28T09:42:02 IST" skipped="0">
  <testcase classname="com.mystore.testcases.SearchResultPageTest" name="productAvailabilityTest" time="8.450"/>
  <system-out/>
</testsuite> <!-- com.mystore.testcases.SearchResultPageTest -->
